# JRE version: Java(TM) SE Runtime Environment (8.0_181-b13) (build 1.8.0_181-b13)
# Java VM: Java HotSpot(TM) 64-Bit Server VM (25.181-b13 mixed mode windows-amd64 compressed oops)
Heap:
 PSYoungGen      total 153088K, used 32919K [0x0000000715b80000, 0x0000000720600000, 0x00000007c0000000)
  eden space 131584K, 25% used [0x0000000715b80000,0x0000000717ba5fb0,0x000000071dc00000)
  from space 21504K, 0% used [0x000000071dc00000,0x000000071dc00000,0x000000071f100000)
  to   space 21504K, 0% used [0x000000071f100000,0x000000071f100000,0x0000000720600000)
 ParOldGen       total 228352K, used 9720K [0x00000005c1200000, 0x00000005cf100000, 0x0000000715b80000)
  object space 228352K, 4% used [0x00000005c1200000,0x00000005c1b7e020,0x00000005cf100000)
 Metaspace       used 10367K, capacity 10496K, committed 10624K, reserved 1060864K
  class space    used 1304K, capacity 1360K, committed 1408K, reserved 1048576K
GC Heap History (4 events):
Event: 0.160 GC heap before
{Heap before GC invocations=1 (full 0):
 PSYoungGen      total 153088K, used 29167K [0x0000000715b80000, 0x0000000720600000, 0x00000007c0000000)
  eden space 131584K, 22% used [0x0000000715b80000,0x00000007177fbd38,0x000000071dc00000)
  from space 21504K, 0% used [0x000000071f100000,0x000000071f100000,0x0000000720600000)
  to   space 21504K, 0% used [0x000000071dc00000,0x000000071dc00000,0x000000071f100000)
 ParOldGen       total 349696K, used 0K [0x00000005c1200000, 0x00000005d6780000, 0x0000000715b80000)
  object space 349696K, 0% used [0x00000005c1200000,0x00000005c1200000,0x00000005d6780000)
 Metaspace       used 6255K, capacity 6376K, committed 6528K, reserved 1060864K
  class space    used 736K, capacity 805K, committed 896K, reserved 1048576K
Event: 0.165 GC heap after
Heap after GC invocations=1 (full 0):
 PSYoungGen      total 153088K, used 17472K [0x0000000715b80000, 0x0000000720600000, 0x00000007c0000000)
  eden space 131584K, 0% used [0x0000000715b80000,0x0000000715b80000,0x000000071dc00000)
  from space 21504K, 81% used [0x000000071dc00000,0x000000071ed10030,0x000000071f100000)
  to   space 21504K, 0% used [0x000000071f100000,0x000000071f100000,0x0000000720600000)
 ParOldGen       total 349696K, used 8108K [0x00000005c1200000, 0x00000005d6780000, 0x0000000715b80000)
  object space 349696K, 2% used [0x00000005c1200000,0x00000005c19eb010,0x00000005d6780000)
 Metaspace       used 6255K, capacity 6376K, committed 6528K, reserved 1060864K
  class space    used 736K, capacity 805K, committed 896K, reserved 1048576K
}
Event: 0.165 GC heap before
{Heap before GC invocations=2 (full 1):
 PSYoungGen      total 153088K, used 17472K [0x0000000715b80000, 0x0000000720600000, 0x00000007c0000000)
  eden space 131584K, 0% used [0x0000000715b80000,0x0000000715b80000,0x000000071dc00000)
  from space 21504K, 81% used [0x000000071dc00000,0x000000071ed10030,0x000000071f100000)
  to   space 21504K, 0% used [0x000000071f100000,0x000000071f100000,0x0000000720600000)
 ParOldGen       total 349696K, used 8108K [0x00000005c1200000, 0x00000005d6780000, 0x0000000715b80000)
  object space 349696K, 2% used [0x00000005c1200000,0x00000005c19eb010,0x00000005d6780000)
 Metaspace       used 6255K, capacity 6376K, committed 6528K, reserved 1060864K
  class space    used 736K, capacity 805K, committed 896K, reserved 1048576K
Event: 0.172 GC heap after
Heap after GC invocations=2 (full 1):
 PSYoungGen      total 153088K, used 0K [0x0000000715b80000, 0x0000000720600000, 0x00000007c0000000)
  eden space 131584K, 0% used [0x0000000715b80000,0x0000000715b80000,0x000000071dc00000)
  from space 21504K, 0% used [0x000000071dc00000,0x000000071dc00000,0x000000071f100000)
  to   space 21504K, 0% used [0x000000071f100000,0x000000071f100000,0x0000000720600000)
 ParOldGen       total 228352K, used 9720K [0x00000005c1200000, 0x00000005cf100000, 0x0000000715b80000)
  object space 228352K, 4% used [0x00000005c1200000,0x00000005c1b7e020,0x00000005cf100000)
 Metaspace       used 6255K, capacity 6376K, committed 6528K, reserved 1058816K
  class space    used 736K, capacity 805K, committed 896K, reserved 1048576K
}

